[1109/143129.762:ERROR:ssl_client_socket_impl.cc(959)] handshake failed; returned -1, SSL error code 1, net_error -101
[1109/143129.787:ERROR:ssl_client_socket_impl.cc(959)] handshake failed; returned -1, SSL error code 1, net_error -101
[1109/143149.938:ERROR:ssl_client_socket_impl.cc(959)] handshake failed; returned -1, SSL error code 1, net_error -101
[1109/143149.963:ERROR:ssl_client_socket_impl.cc(959)] handshake failed; returned -1, SSL error code 1, net_error -101
[1109/143318.854:WARNING:dns_config_service_win.cc(700)] Failed to read DnsConfig.
[1109/143318.856:WARNING:dns_config_service_win.cc(700)] Failed to read DnsConfig.
[1109/143318.879:WARNING:dns_config_service_win.cc(700)] Failed to read DnsConfig.
[1109/143318.882:WARNING:dns_config_service_win.cc(700)] Failed to read DnsConfig.
[1109/143341.175:WARNING:dns_config_service_win.cc(700)] Failed to read DnsConfig.
[1109/143458.458:ERROR:ssl_client_socket_impl.cc(959)] handshake failed; returned -1, SSL error code 1, net_error -101
[1109/143458.484:ERROR:ssl_client_socket_impl.cc(959)] handshake failed; returned -1, SSL error code 1, net_error -101
[1109/143514.066:WARNING:dns_config_service_win.cc(700)] Failed to read DnsConfig.
[1109/143514.069:WARNING:dns_config_service_win.cc(700)] Failed to read DnsConfig.
[1109/143525.186:ERROR:audio_rtp_receiver.cc(89)] AudioRtpReceiver::OnSetVolume: No audio channel exists.
[1109/143525.187:WARNING:used_ids.h(55)] Duplicate id found. Reassigning from 104 to 127
[1109/143525.187:WARNING:used_ids.h(55)] Duplicate id found. Reassigning from 102 to 125
[1109/143525.187:WARNING:used_ids.h(55)] Duplicate id found. Reassigning from 104 to 124
[1109/143525.187:WARNING:used_ids.h(55)] Duplicate id found. Reassigning from 106 to 123
[1109/143525.187:WARNING:used_ids.h(55)] Duplicate id found. Reassigning from 103 to 122
[1109/143525.187:WARNING:used_ids.h(55)] Duplicate id found. Reassigning from 105 to 121
[1109/143525.187:WARNING:used_ids.h(55)] Duplicate id found. Reassigning from 109 to 120
[1109/143525.187:WARNING:used_ids.h(55)] Duplicate id found. Reassigning from 1 to 14
[1109/143525.187:WARNING:used_ids.h(55)] Duplicate id found. Reassigning from 3 to 13
[1109/143525.187:WARNING:used_ids.h(55)] Duplicate id found. Reassigning from 5 to 12
[1109/143525.187:WARNING:used_ids.h(55)] Duplicate id found. Reassigning from 6 to 11
[1109/143536.024:ERROR:audio_rtp_receiver.cc(89)] AudioRtpReceiver::OnSetVolume: No audio channel exists.
[1109/143536.024:WARNING:used_ids.h(55)] Duplicate id found. Reassigning from 104 to 127
[1109/143536.024:WARNING:used_ids.h(55)] Duplicate id found. Reassigning from 102 to 125
[1109/143536.024:WARNING:used_ids.h(55)] Duplicate id found. Reassigning from 104 to 124
[1109/143536.024:WARNING:used_ids.h(55)] Duplicate id found. Reassigning from 106 to 123
[1109/143536.024:WARNING:used_ids.h(55)] Duplicate id found. Reassigning from 103 to 122
[1109/143536.024:WARNING:used_ids.h(55)] Duplicate id found. Reassigning from 105 to 121
[1109/143536.024:WARNING:used_ids.h(55)] Duplicate id found. Reassigning from 109 to 120
[1109/143536.024:WARNING:used_ids.h(55)] Duplicate id found. Reassigning from 1 to 14
[1109/143536.024:WARNING:used_ids.h(55)] Duplicate id found. Reassigning from 3 to 13
[1109/143536.024:WARNING:used_ids.h(55)] Duplicate id found. Reassigning from 5 to 12
[1109/143536.024:WARNING:used_ids.h(55)] Duplicate id found. Reassigning from 6 to 11
[1109/143543.460:ERROR:batching_media_log.cc(38)] MediaEvent: {"error":"FFmpegDemuxer: no supported streams"}
[1109/143543.460:ERROR:batching_media_log.cc(35)] MediaEvent: {"pipeline_error":14}
[1109/143544.418:ERROR:batching_media_log.cc(38)] MediaEvent: {"error":"FFmpegDemuxer: no supported streams"}
[1109/143544.418:ERROR:batching_media_log.cc(35)] MediaEvent: {"pipeline_error":14}
[1109/143551.883:WARNING:dns_config_service_win.cc(700)] Failed to read DnsConfig.
[1109/143551.885:WARNING:dns_config_service_win.cc(700)] Failed to read DnsConfig.
[1220/173047.631:ERROR:os_crypt_win.cc(92)] Failed to decrypt: Key not valid for use in specified state. (0x8009000B)
[1220/173608.128:ERROR:audio_rtp_receiver.cc(89)] AudioRtpReceiver::OnSetVolume: No audio channel exists.
[1220/173608.129:WARNING:used_ids.h(55)] Duplicate id found. Reassigning from 104 to 127
[1220/173608.129:WARNING:used_ids.h(55)] Duplicate id found. Reassigning from 102 to 125
[1220/173608.129:WARNING:used_ids.h(55)] Duplicate id found. Reassigning from 104 to 124
[1220/173608.129:WARNING:used_ids.h(55)] Duplicate id found. Reassigning from 106 to 123
[1220/173608.129:WARNING:used_ids.h(55)] Duplicate id found. Reassigning from 103 to 122
[1220/173608.129:WARNING:used_ids.h(55)] Duplicate id found. Reassigning from 105 to 121
[1220/173608.129:WARNING:used_ids.h(55)] Duplicate id found. Reassigning from 109 to 120
[1220/173608.129:WARNING:used_ids.h(55)] Duplicate id found. Reassigning from 1 to 14
[1220/173608.129:WARNING:used_ids.h(55)] Duplicate id found. Reassigning from 3 to 13
[1220/173608.129:WARNING:used_ids.h(55)] Duplicate id found. Reassigning from 5 to 12
[1220/173608.129:WARNING:used_ids.h(55)] Duplicate id found. Reassigning from 6 to 11
[1220/173819.471:ERROR:audio_rtp_receiver.cc(89)] AudioRtpReceiver::OnSetVolume: No audio channel exists.
[1220/173819.471:WARNING:used_ids.h(55)] Duplicate id found. Reassigning from 104 to 127
[1220/173819.471:WARNING:used_ids.h(55)] Duplicate id found. Reassigning from 102 to 125
[1220/173819.471:WARNING:used_ids.h(55)] Duplicate id found. Reassigning from 104 to 124
[1220/173819.471:WARNING:used_ids.h(55)] Duplicate id found. Reassigning from 106 to 123
[1220/173819.471:WARNING:used_ids.h(55)] Duplicate id found. Reassigning from 103 to 122
[1220/173819.471:WARNING:used_ids.h(55)] Duplicate id found. Reassigning from 105 to 121
[1220/173819.471:WARNING:used_ids.h(55)] Duplicate id found. Reassigning from 109 to 120
[1220/173819.471:WARNING:used_ids.h(55)] Duplicate id found. Reassigning from 1 to 14
[1220/173819.472:WARNING:used_ids.h(55)] Duplicate id found. Reassigning from 3 to 13
[1220/173819.472:WARNING:used_ids.h(55)] Duplicate id found. Reassigning from 5 to 12
[1220/173819.472:WARNING:used_ids.h(55)] Duplicate id found. Reassigning from 6 to 11
[1220/173827.443:ERROR:audio_rtp_receiver.cc(89)] AudioRtpReceiver::OnSetVolume: No audio channel exists.
[1220/173827.443:WARNING:used_ids.h(55)] Duplicate id found. Reassigning from 104 to 127
[1220/173827.443:WARNING:used_ids.h(55)] Duplicate id found. Reassigning from 102 to 125
[1220/173827.443:WARNING:used_ids.h(55)] Duplicate id found. Reassigning from 104 to 124
[1220/173827.443:WARNING:used_ids.h(55)] Duplicate id found. Reassigning from 106 to 123
[1220/173827.443:WARNING:used_ids.h(55)] Duplicate id found. Reassigning from 103 to 122
[1220/173827.443:WARNING:used_ids.h(55)] Duplicate id found. Reassigning from 105 to 121
[1220/173827.443:WARNING:used_ids.h(55)] Duplicate id found. Reassigning from 109 to 120
[1220/173827.443:WARNING:used_ids.h(55)] Duplicate id found. Reassigning from 1 to 14
[1220/173827.443:WARNING:used_ids.h(55)] Duplicate id found. Reassigning from 3 to 13
[1220/173827.443:WARNING:used_ids.h(55)] Duplicate id found. Reassigning from 5 to 12
[1220/173827.443:WARNING:used_ids.h(55)] Duplicate id found. Reassigning from 6 to 11
[1220/173834.241:ERROR:audio_rtp_receiver.cc(89)] AudioRtpReceiver::OnSetVolume: No audio channel exists.
[1220/173834.241:WARNING:used_ids.h(55)] Duplicate id found. Reassigning from 104 to 127
[1220/173834.241:WARNING:used_ids.h(55)] Duplicate id found. Reassigning from 102 to 125
[1220/173834.241:WARNING:used_ids.h(55)] Duplicate id found. Reassigning from 104 to 124
[1220/173834.241:WARNING:used_ids.h(55)] Duplicate id found. Reassigning from 106 to 123
[1220/173834.241:WARNING:used_ids.h(55)] Duplicate id found. Reassigning from 103 to 122
[1220/173834.241:WARNING:used_ids.h(55)] Duplicate id found. Reassigning from 105 to 121
[1220/173834.241:WARNING:used_ids.h(55)] Duplicate id found. Reassigning from 109 to 120
[1220/173834.241:WARNING:used_ids.h(55)] Duplicate id found. Reassigning from 1 to 14
[1220/173834.241:WARNING:used_ids.h(55)] Duplicate id found. Reassigning from 3 to 13
[1220/173834.241:WARNING:used_ids.h(55)] Duplicate id found. Reassigning from 5 to 12
[1220/173834.241:WARNING:used_ids.h(55)] Duplicate id found. Reassigning from 6 to 11
[1220/173924.682:ERROR:audio_rtp_receiver.cc(89)] AudioRtpReceiver::OnSetVolume: No audio channel exists.
[1220/173924.682:WARNING:used_ids.h(55)] Duplicate id found. Reassigning from 104 to 127
[1220/173924.682:WARNING:used_ids.h(55)] Duplicate id found. Reassigning from 102 to 125
[1220/173924.682:WARNING:used_ids.h(55)] Duplicate id found. Reassigning from 104 to 124
[1220/173924.682:WARNING:used_ids.h(55)] Duplicate id found. Reassigning from 106 to 123
[1220/173924.682:WARNING:used_ids.h(55)] Duplicate id found. Reassigning from 103 to 122
[1220/173924.682:WARNING:used_ids.h(55)] Duplicate id found. Reassigning from 105 to 121
[1220/173924.682:WARNING:used_ids.h(55)] Duplicate id found. Reassigning from 109 to 120
[1220/173924.682:WARNING:used_ids.h(55)] Duplicate id found. Reassigning from 1 to 14
[1220/173924.682:WARNING:used_ids.h(55)] Duplicate id found. Reassigning from 3 to 13
[1220/173924.682:WARNING:used_ids.h(55)] Duplicate id found. Reassigning from 5 to 12
[1220/173924.682:WARNING:used_ids.h(55)] Duplicate id found. Reassigning from 6 to 11
[1220/173932.360:WARNING:used_ids.h(55)] Duplicate id found. Reassigning from 104 to 127
[1220/173932.361:WARNING:used_ids.h(55)] Duplicate id found. Reassigning from 102 to 125
[1220/173932.361:WARNING:used_ids.h(55)] Duplicate id found. Reassigning from 104 to 124
[1220/173932.361:WARNING:used_ids.h(55)] Duplicate id found. Reassigning from 106 to 123
[1220/173932.361:WARNING:used_ids.h(55)] Duplicate id found. Reassigning from 103 to 122
[1220/173932.361:WARNING:used_ids.h(55)] Duplicate id found. Reassigning from 105 to 121
[1220/173932.361:WARNING:used_ids.h(55)] Duplicate id found. Reassigning from 109 to 120
[1220/173932.361:WARNING:used_ids.h(55)] Duplicate id found. Reassigning from 1 to 14
[1220/173932.361:WARNING:used_ids.h(55)] Duplicate id found. Reassigning from 3 to 13
[1220/173932.361:WARNING:used_ids.h(55)] Duplicate id found. Reassigning from 5 to 12
[1220/173932.361:WARNING:used_ids.h(55)] Duplicate id found. Reassigning from 6 to 11
[1220/173932.361:ERROR:audio_rtp_receiver.cc(89)] AudioRtpReceiver::OnSetVolume: No audio channel exists.
[1220/173935.880:ERROR:audio_rtp_receiver.cc(89)] AudioRtpReceiver::OnSetVolume: No audio channel exists.
[1220/173935.880:WARNING:used_ids.h(55)] Duplicate id found. Reassigning from 104 to 127
[1220/173935.880:WARNING:used_ids.h(55)] Duplicate id found. Reassigning from 102 to 125
[1220/173935.880:WARNING:used_ids.h(55)] Duplicate id found. Reassigning from 104 to 124
[1220/173935.880:WARNING:used_ids.h(55)] Duplicate id found. Reassigning from 106 to 123
[1220/173935.880:WARNING:used_ids.h(55)] Duplicate id found. Reassigning from 103 to 122
[1220/173935.880:WARNING:used_ids.h(55)] Duplicate id found. Reassigning from 105 to 121
[1220/173935.881:WARNING:used_ids.h(55)] Duplicate id found. Reassigning from 109 to 120
[1220/173935.881:WARNING:used_ids.h(55)] Duplicate id found. Reassigning from 1 to 14
[1220/173935.881:WARNING:used_ids.h(55)] Duplicate id found. Reassigning from 3 to 13
[1220/173935.881:WARNING:used_ids.h(55)] Duplicate id found. Reassigning from 5 to 12
[1220/173935.881:WARNING:used_ids.h(55)] Duplicate id found. Reassigning from 6 to 11
[1220/174043.373:ERROR:audio_rtp_receiver.cc(89)] AudioRtpReceiver::OnSetVolume: No audio channel exists.
[1220/174043.374:WARNING:used_ids.h(55)] Duplicate id found. Reassigning from 104 to 127
[1220/174043.374:WARNING:used_ids.h(55)] Duplicate id found. Reassigning from 102 to 125
[1220/174043.374:WARNING:used_ids.h(55)] Duplicate id found. Reassigning from 104 to 124
[1220/174043.374:WARNING:used_ids.h(55)] Duplicate id found. Reassigning from 106 to 123
[1220/174043.374:WARNING:used_ids.h(55)] Duplicate id found. Reassigning from 103 to 122
[1220/174043.374:WARNING:used_ids.h(55)] Duplicate id found. Reassigning from 105 to 121
[1220/174043.374:WARNING:used_ids.h(55)] Duplicate id found. Reassigning from 109 to 120
[1220/174043.374:WARNING:used_ids.h(55)] Duplicate id found. Reassigning from 1 to 14
[1220/174043.374:WARNING:used_ids.h(55)] Duplicate id found. Reassigning from 3 to 13
[1220/174043.374:WARNING:used_ids.h(55)] Duplicate id found. Reassigning from 5 to 12
[1220/174043.374:WARNING:used_ids.h(55)] Duplicate id found. Reassigning from 6 to 11
[1220/174353.419:ERROR:batching_media_log.cc(38)] MediaEvent: {"error":"FFmpegDemuxer: no supported streams"}
[1220/174353.419:ERROR:batching_media_log.cc(35)] MediaEvent: {"pipeline_error":14}
[1220/174420.300:ERROR:batching_media_log.cc(38)] MediaEvent: {"error":"FFmpegDemuxer: no supported streams"}
[1220/174420.300:ERROR:batching_media_log.cc(35)] MediaEvent: {"pipeline_error":14}
[0117/171003.625:WARNING:spdy_session.cc(3365)] Received HEADERS for invalid stream 15
[0117/171003.637:WARNING:spdy_session.cc(3365)] Received HEADERS for invalid stream 17
[0117/171003.637:WARNING:spdy_session.cc(3365)] Received HEADERS for invalid stream 21
[0117/171003.637:WARNING:spdy_session.cc(3365)] Received HEADERS for invalid stream 19
[0117/171003.637:WARNING:spdy_session.cc(3365)] Received HEADERS for invalid stream 23
[0117/171003.637:WARNING:spdy_session.cc(3365)] Received HEADERS for invalid stream 25
[0117/171003.637:WARNING:spdy_session.cc(3365)] Received HEADERS for invalid stream 27
[0123/170607.880:WARNING:spdy_session.cc(3365)] Received HEADERS for invalid stream 113
[0123/170608.246:WARNING:spdy_session.cc(3365)] Received HEADERS for invalid stream 115
[0123/211202.105:ERROR:audio_rtp_receiver.cc(89)] AudioRtpReceiver::OnSetVolume: No audio channel exists.
[0123/211202.114:WARNING:used_ids.h(55)] Duplicate id found. Reassigning from 104 to 127
[0123/211202.114:WARNING:used_ids.h(55)] Duplicate id found. Reassigning from 102 to 125
[0123/211202.114:WARNING:used_ids.h(55)] Duplicate id found. Reassigning from 104 to 124
[0123/211202.114:WARNING:used_ids.h(55)] Duplicate id found. Reassigning from 106 to 123
[0123/211202.114:WARNING:used_ids.h(55)] Duplicate id found. Reassigning from 103 to 122
[0123/211202.114:WARNING:used_ids.h(55)] Duplicate id found. Reassigning from 105 to 121
[0123/211202.114:WARNING:used_ids.h(55)] Duplicate id found. Reassigning from 109 to 120
[0123/211202.114:WARNING:used_ids.h(55)] Duplicate id found. Reassigning from 1 to 14
[0123/211202.114:WARNING:used_ids.h(55)] Duplicate id found. Reassigning from 3 to 13
[0123/211202.114:WARNING:used_ids.h(55)] Duplicate id found. Reassigning from 5 to 12
[0123/211202.114:WARNING:used_ids.h(55)] Duplicate id found. Reassigning from 6 to 11
[0123/211215.394:ERROR:audio_rtp_receiver.cc(89)] AudioRtpReceiver::OnSetVolume: No audio channel exists.
[0123/211215.395:WARNING:used_ids.h(55)] Duplicate id found. Reassigning from 104 to 127
[0123/211215.395:WARNING:used_ids.h(55)] Duplicate id found. Reassigning from 102 to 125
[0123/211215.395:WARNING:used_ids.h(55)] Duplicate id found. Reassigning from 104 to 124
[0123/211215.395:WARNING:used_ids.h(55)] Duplicate id found. Reassigning from 106 to 123
[0123/211215.395:WARNING:used_ids.h(55)] Duplicate id found. Reassigning from 103 to 122
[0123/211215.395:WARNING:used_ids.h(55)] Duplicate id found. Reassigning from 105 to 121
[0123/211215.395:WARNING:used_ids.h(55)] Duplicate id found. Reassigning from 109 to 120
[0123/211215.395:WARNING:used_ids.h(55)] Duplicate id found. Reassigning from 1 to 14
[0123/211215.395:WARNING:used_ids.h(55)] Duplicate id found. Reassigning from 3 to 13
[0123/211215.395:WARNING:used_ids.h(55)] Duplicate id found. Reassigning from 5 to 12
[0123/211215.395:WARNING:used_ids.h(55)] Duplicate id found. Reassigning from 6 to 11
[0123/211221.407:ERROR:audio_rtp_receiver.cc(89)] AudioRtpReceiver::OnSetVolume: No audio channel exists.
[0123/211221.407:WARNING:used_ids.h(55)] Duplicate id found. Reassigning from 104 to 127
[0123/211221.407:WARNING:used_ids.h(55)] Duplicate id found. Reassigning from 102 to 125
[0123/211221.407:WARNING:used_ids.h(55)] Duplicate id found. Reassigning from 104 to 124
[0123/211221.413:WARNING:used_ids.h(55)] Duplicate id found. Reassigning from 106 to 123
[0123/211221.413:WARNING:used_ids.h(55)] Duplicate id found. Reassigning from 103 to 122
[0123/211221.413:WARNING:used_ids.h(55)] Duplicate id found. Reassigning from 105 to 121
[0123/211221.413:WARNING:used_ids.h(55)] Duplicate id found. Reassigning from 109 to 120
[0123/211221.413:WARNING:used_ids.h(55)] Duplicate id found. Reassigning from 1 to 14
[0123/211221.413:WARNING:used_ids.h(55)] Duplicate id found. Reassigning from 3 to 13
[0123/211221.413:WARNING:used_ids.h(55)] Duplicate id found. Reassigning from 5 to 12
[0123/211221.413:WARNING:used_ids.h(55)] Duplicate id found. Reassigning from 6 to 11
[0123/211224.745:ERROR:batching_media_log.cc(38)] MediaEvent: {"error":"FFmpegDemuxer: no supported streams"}
[0123/211224.746:ERROR:batching_media_log.cc(35)] MediaEvent: {"pipeline_error":14}
[0123/211224.766:ERROR:batching_media_log.cc(38)] MediaEvent: {"error":"FFmpegDemuxer: no supported streams"}
[0123/211224.767:ERROR:batching_media_log.cc(35)] MediaEvent: {"pipeline_error":14}
[0123/211224.861:WARNING:spdy_session.cc(3365)] Received HEADERS for invalid stream 55
[0123/211225.941:WARNING:spdy_session.cc(3365)] Received HEADERS for invalid stream 57
[0208/125006.849:ERROR:os_crypt_win.cc(92)] Failed to decrypt: Key not valid for use in specified state. (0x8009000B)
[0222/150224.659:ERROR:os_crypt_win.cc(92)] Failed to decrypt: Key not valid for use in specified state. (0x8009000B)
[0222/150417.282:ERROR:audio_rtp_receiver.cc(89)] AudioRtpReceiver::OnSetVolume: No audio channel exists.
[0222/150417.282:WARNING:used_ids.h(55)] Duplicate id found. Reassigning from 104 to 127
[0222/150417.282:WARNING:used_ids.h(55)] Duplicate id found. Reassigning from 102 to 125
[0222/150417.282:WARNING:used_ids.h(55)] Duplicate id found. Reassigning from 104 to 124
[0222/150417.282:WARNING:used_ids.h(55)] Duplicate id found. Reassigning from 106 to 123
[0222/150417.282:WARNING:used_ids.h(55)] Duplicate id found. Reassigning from 103 to 122
[0222/150417.282:WARNING:used_ids.h(55)] Duplicate id found. Reassigning from 105 to 121
[0222/150417.282:WARNING:used_ids.h(55)] Duplicate id found. Reassigning from 109 to 120
[0222/150417.283:WARNING:used_ids.h(55)] Duplicate id found. Reassigning from 1 to 14
[0222/150417.283:WARNING:used_ids.h(55)] Duplicate id found. Reassigning from 3 to 13
[0222/150417.283:WARNING:used_ids.h(55)] Duplicate id found. Reassigning from 5 to 12
[0222/150417.283:WARNING:used_ids.h(55)] Duplicate id found. Reassigning from 6 to 11
[0222/150428.906:ERROR:audio_rtp_receiver.cc(89)] AudioRtpReceiver::OnSetVolume: No audio channel exists.
[0222/150428.906:WARNING:used_ids.h(55)] Duplicate id found. Reassigning from 104 to 127
[0222/150428.906:WARNING:used_ids.h(55)] Duplicate id found. Reassigning from 102 to 125
[0222/150428.906:WARNING:used_ids.h(55)] Duplicate id found. Reassigning from 104 to 124
[0222/150428.906:WARNING:used_ids.h(55)] Duplicate id found. Reassigning from 106 to 123
[0222/150428.906:WARNING:used_ids.h(55)] Duplicate id found. Reassigning from 103 to 122
[0222/150428.906:WARNING:used_ids.h(55)] Duplicate id found. Reassigning from 105 to 121
[0222/150428.906:WARNING:used_ids.h(55)] Duplicate id found. Reassigning from 109 to 120
[0222/150428.906:WARNING:used_ids.h(55)] Duplicate id found. Reassigning from 1 to 14
[0222/150428.906:WARNING:used_ids.h(55)] Duplicate id found. Reassigning from 3 to 13
[0222/150428.906:WARNING:used_ids.h(55)] Duplicate id found. Reassigning from 5 to 12
[0222/150428.906:WARNING:used_ids.h(55)] Duplicate id found. Reassigning from 6 to 11
[0222/150432.268:ERROR:batching_media_log.cc(38)] MediaEvent: {"error":"FFmpegDemuxer: no supported streams"}
[0222/150432.268:ERROR:batching_media_log.cc(35)] MediaEvent: {"pipeline_error":14}
[0222/150432.269:ERROR:batching_media_log.cc(38)] MediaEvent: {"error":"FFmpegDemuxer: no supported streams"}
[0222/150432.269:ERROR:batching_media_log.cc(35)] MediaEvent: {"pipeline_error":14}
[0222/150432.631:WARNING:spdy_session.cc(3365)] Received HEADERS for invalid stream 43
[0612/150643.687:ERROR:audio_rtp_receiver.cc(89)] AudioRtpReceiver::OnSetVolume: No audio channel exists.
[0612/150643.687:WARNING:used_ids.h(55)] Duplicate id found. Reassigning from 104 to 127
[0612/150643.687:WARNING:used_ids.h(55)] Duplicate id found. Reassigning from 102 to 125
[0612/150643.687:WARNING:used_ids.h(55)] Duplicate id found. Reassigning from 104 to 124
[0612/150643.687:WARNING:used_ids.h(55)] Duplicate id found. Reassigning from 106 to 123
[0612/150643.687:WARNING:used_ids.h(55)] Duplicate id found. Reassigning from 103 to 122
[0612/150643.687:WARNING:used_ids.h(55)] Duplicate id found. Reassigning from 105 to 121
[0612/150643.687:WARNING:used_ids.h(55)] Duplicate id found. Reassigning from 109 to 120
[0612/150643.687:WARNING:used_ids.h(55)] Duplicate id found. Reassigning from 1 to 14
[0612/150643.687:WARNING:used_ids.h(55)] Duplicate id found. Reassigning from 3 to 13
[0612/150643.687:WARNING:used_ids.h(55)] Duplicate id found. Reassigning from 5 to 12
[0612/150643.687:WARNING:used_ids.h(55)] Duplicate id found. Reassigning from 6 to 11
[0612/150650.983:ERROR:audio_rtp_receiver.cc(89)] AudioRtpReceiver::OnSetVolume: No audio channel exists.
[0612/150650.983:WARNING:used_ids.h(55)] Duplicate id found. Reassigning from 104 to 127
[0612/150650.983:WARNING:used_ids.h(55)] Duplicate id found. Reassigning from 102 to 125
[0612/150650.983:WARNING:used_ids.h(55)] Duplicate id found. Reassigning from 104 to 124
[0612/150650.983:WARNING:used_ids.h(55)] Duplicate id found. Reassigning from 106 to 123
[0612/150650.983:WARNING:used_ids.h(55)] Duplicate id found. Reassigning from 103 to 122
[0612/150650.983:WARNING:used_ids.h(55)] Duplicate id found. Reassigning from 105 to 121
[0612/150650.983:WARNING:used_ids.h(55)] Duplicate id found. Reassigning from 109 to 120
[0612/150650.983:WARNING:used_ids.h(55)] Duplicate id found. Reassigning from 1 to 14
[0612/150650.983:WARNING:used_ids.h(55)] Duplicate id found. Reassigning from 3 to 13
[0612/150650.983:WARNING:used_ids.h(55)] Duplicate id found. Reassigning from 5 to 12
[0612/150650.983:WARNING:used_ids.h(55)] Duplicate id found. Reassigning from 6 to 11
[0612/150657.667:ERROR:audio_rtp_receiver.cc(89)] AudioRtpReceiver::OnSetVolume: No audio channel exists.
[0612/150657.667:WARNING:used_ids.h(55)] Duplicate id found. Reassigning from 104 to 127
[0612/150657.667:WARNING:used_ids.h(55)] Duplicate id found. Reassigning from 102 to 125
[0612/150657.667:WARNING:used_ids.h(55)] Duplicate id found. Reassigning from 104 to 124
[0612/150657.667:WARNING:used_ids.h(55)] Duplicate id found. Reassigning from 106 to 123
[0612/150657.667:WARNING:used_ids.h(55)] Duplicate id found. Reassigning from 103 to 122
[0612/150657.667:WARNING:used_ids.h(55)] Duplicate id found. Reassigning from 105 to 121
[0612/150657.667:WARNING:used_ids.h(55)] Duplicate id found. Reassigning from 109 to 120
[0612/150657.667:WARNING:used_ids.h(55)] Duplicate id found. Reassigning from 1 to 14
[0612/150657.668:WARNING:used_ids.h(55)] Duplicate id found. Reassigning from 3 to 13
[0612/150657.668:WARNING:used_ids.h(55)] Duplicate id found. Reassigning from 5 to 12
[0612/150657.668:WARNING:used_ids.h(55)] Duplicate id found. Reassigning from 6 to 11
[0612/150702.707:WARNING:used_ids.h(55)] Duplicate id found. Reassigning from 104 to 127
[0612/150702.707:WARNING:used_ids.h(55)] Duplicate id found. Reassigning from 102 to 125
[0612/150702.707:WARNING:used_ids.h(55)] Duplicate id found. Reassigning from 104 to 124
[0612/150702.707:WARNING:used_ids.h(55)] Duplicate id found. Reassigning from 106 to 123
[0612/150702.707:WARNING:used_ids.h(55)] Duplicate id found. Reassigning from 103 to 122
[0612/150702.707:WARNING:used_ids.h(55)] Duplicate id found. Reassigning from 105 to 121
[0612/150702.707:WARNING:used_ids.h(55)] Duplicate id found. Reassigning from 109 to 120
[0612/150702.707:WARNING:used_ids.h(55)] Duplicate id found. Reassigning from 1 to 14
[0612/150702.707:WARNING:used_ids.h(55)] Duplicate id found. Reassigning from 3 to 13
[0612/150702.707:WARNING:used_ids.h(55)] Duplicate id found. Reassigning from 5 to 12
[0612/150702.708:WARNING:used_ids.h(55)] Duplicate id found. Reassigning from 6 to 11
[0612/150702.708:ERROR:audio_rtp_receiver.cc(89)] AudioRtpReceiver::OnSetVolume: No audio channel exists.
[0612/150726.193:ERROR:audio_rtp_receiver.cc(89)] AudioRtpReceiver::OnSetVolume: No audio channel exists.
[0612/150726.193:WARNING:used_ids.h(55)] Duplicate id found. Reassigning from 104 to 127
[0612/150726.193:WARNING:used_ids.h(55)] Duplicate id found. Reassigning from 102 to 125
[0612/150726.193:WARNING:used_ids.h(55)] Duplicate id found. Reassigning from 104 to 124
[0612/150726.193:WARNING:used_ids.h(55)] Duplicate id found. Reassigning from 106 to 123
[0612/150726.193:WARNING:used_ids.h(55)] Duplicate id found. Reassigning from 103 to 122
[0612/150726.193:WARNING:used_ids.h(55)] Duplicate id found. Reassigning from 105 to 121
[0612/150726.193:WARNING:used_ids.h(55)] Duplicate id found. Reassigning from 109 to 120
[0612/150726.193:WARNING:used_ids.h(55)] Duplicate id found. Reassigning from 1 to 14
[0612/150726.193:WARNING:used_ids.h(55)] Duplicate id found. Reassigning from 3 to 13
[0612/150726.193:WARNING:used_ids.h(55)] Duplicate id found. Reassigning from 5 to 12
[0612/150726.193:WARNING:used_ids.h(55)] Duplicate id found. Reassigning from 6 to 11
[0612/150729.883:WARNING:used_ids.h(55)] Duplicate id found. Reassigning from 104 to 127
[0612/150729.883:WARNING:used_ids.h(55)] Duplicate id found. Reassigning from 102 to 125
[0612/150729.883:WARNING:used_ids.h(55)] Duplicate id found. Reassigning from 104 to 124
[0612/150729.883:WARNING:used_ids.h(55)] Duplicate id found. Reassigning from 106 to 123
[0612/150729.883:WARNING:used_ids.h(55)] Duplicate id found. Reassigning from 103 to 122
[0612/150729.883:WARNING:used_ids.h(55)] Duplicate id found. Reassigning from 105 to 121
[0612/150729.883:WARNING:used_ids.h(55)] Duplicate id found. Reassigning from 109 to 120
[0612/150729.883:WARNING:used_ids.h(55)] Duplicate id found. Reassigning from 1 to 14
[0612/150729.883:WARNING:used_ids.h(55)] Duplicate id found. Reassigning from 3 to 13
[0612/150729.883:WARNING:used_ids.h(55)] Duplicate id found. Reassigning from 5 to 12
[0612/150729.883:WARNING:used_ids.h(55)] Duplicate id found. Reassigning from 6 to 11
[0612/150729.883:ERROR:audio_rtp_receiver.cc(89)] AudioRtpReceiver::OnSetVolume: No audio channel exists.
[0612/150734.060:ERROR:batching_media_log.cc(38)] MediaEvent: {"error":"FFmpegDemuxer: no supported streams"}
[0612/150734.060:ERROR:batching_media_log.cc(35)] MediaEvent: {"pipeline_error":14}
[0612/150734.360:ERROR:batching_media_log.cc(38)] MediaEvent: {"error":"FFmpegDemuxer: no supported streams"}
[0612/150734.360:ERROR:batching_media_log.cc(35)] MediaEvent: {"pipeline_error":14}
[0612/192406.236:ERROR:cache_util_win.cc(21)] Unable to move the cache: Access is denied. (0x5)
[0612/192406.236:ERROR:cache_util.cc(139)] Unable to move cache folder E:/SUNNYBROOK RESEARCH/2023-02-27 LINAC TESTING/2023-02-15 LINAC TESTING V1.3/Linac Testing/Saved/webcache_4147\Cache to E:/SUNNYBROOK RESEARCH/2023-02-27 LINAC TESTING/2023-02-15 LINAC TESTING V1.3/Linac Testing/Saved/webcache_4147\old_Cache_000
[0612/192406.236:ERROR:disk_cache.cc(184)] Unable to create cache
[0612/192406.571:ERROR:cache_util_win.cc(21)] Unable to move the cache: Access is denied. (0x5)
[0612/192406.571:ERROR:cache_util.cc(139)] Unable to move cache folder E:/SUNNYBROOK RESEARCH/2023-02-27 LINAC TESTING/2023-02-15 LINAC TESTING V1.3/Linac Testing/Saved/webcache_4147\Cache to E:/SUNNYBROOK RESEARCH/2023-02-27 LINAC TESTING/2023-02-15 LINAC TESTING V1.3/Linac Testing/Saved/webcache_4147\old_Cache_000
[0612/192406.571:ERROR:disk_cache.cc(184)] Unable to create cache
[0612/192420.632:WARNING:value_store_frontend.cc(44)] Reading mhjfbmdgcfjbbpaeojofohoefgiehjai.alarms from  failed: IO error: .../LOCK: File currently in use. (ChromeMethodBFE: 15::LockFile::2)
